0 info it worked if it ends with ok
1 verbose cli [ '/usr/local/bin/node',
1 verbose cli   '/usr/local/bin/npm',
1 verbose cli   'install',
1 verbose cli   '--global',
1 verbose cli   'mocha' ]
2 info using npm@2.14.7
3 info using node@v4.2.3
4 verbose install initial load of /usr/local/lib/package.json
5 verbose readDependencies loading dependencies from /usr/local/lib/package.json
6 silly cache add args [ 'mocha', null ]
7 verbose cache add spec mocha
8 silly cache add parsed spec Result {
8 silly cache add   raw: 'mocha',
8 silly cache add   scope: null,
8 silly cache add   name: 'mocha',
8 silly cache add   rawSpec: '',
8 silly cache add   spec: '*',
8 silly cache add   type: 'range' }
9 silly addNamed mocha@*
10 verbose addNamed "*" is a valid semver range for mocha
11 silly addNameRange { name: 'mocha', range: '*', hasData: false }
12 silly mapToRegistry name mocha
13 silly mapToRegistry using default registry
14 silly mapToRegistry registry https://registry.npmjs.org/
15 silly mapToRegistry uri https://registry.npmjs.org/mocha
16 verbose addNameRange registry:https://registry.npmjs.org/mocha not in flight; fetching
17 verbose request uri https://registry.npmjs.org/mocha
18 verbose request no auth needed
19 info attempt registry request try #1 at 10:52:18
20 verbose request using bearer token for auth
21 verbose request id 9d8ea9a344c29acf
22 verbose etag "CC29B4EGWMGPGWZGT1R3UDDIZ"
23 http request GET https://registry.npmjs.org/mocha
24 http 200 https://registry.npmjs.org/mocha
25 verbose headers { server: 'nginx/1.10.1',
25 verbose headers   'content-type': 'application/json',
25 verbose headers   'last-modified': 'Thu, 21 Sep 2017 20:34:08 GMT',
25 verbose headers   etag: 'W/"59c42240-bef5a"',
25 verbose headers   'content-encoding': 'gzip',
25 verbose headers   'cache-control': 'max-age=300',
25 verbose headers   'transfer-encoding': 'chunked',
25 verbose headers   'accept-ranges': 'bytes',
25 verbose headers   date: 'Fri, 22 Sep 2017 02:52:19 GMT',
25 verbose headers   via: '1.1 varnish',
25 verbose headers   connection: 'keep-alive',
25 verbose headers   'x-served-by': 'cache-itm7420-ITM',
25 verbose headers   'x-cache': 'MISS',
25 verbose headers   'x-cache-hits': '0',
25 verbose headers   'x-timer': 'S1506048739.121366,VS0,VE373',
25 verbose headers   vary: 'Accept-Encoding, Accept' }
26 silly get cb [ 200,
26 silly get   { server: 'nginx/1.10.1',
26 silly get     'content-type': 'application/json',
26 silly get     'last-modified': 'Thu, 21 Sep 2017 20:34:08 GMT',
26 silly get     etag: 'W/"59c42240-bef5a"',
26 silly get     'content-encoding': 'gzip',
26 silly get     'cache-control': 'max-age=300',
26 silly get     'transfer-encoding': 'chunked',
26 silly get     'accept-ranges': 'bytes',
26 silly get     date: 'Fri, 22 Sep 2017 02:52:19 GMT',
26 silly get     via: '1.1 varnish',
26 silly get     connection: 'keep-alive',
26 silly get     'x-served-by': 'cache-itm7420-ITM',
26 silly get     'x-cache': 'MISS',
26 silly get     'x-cache-hits': '0',
26 silly get     'x-timer': 'S1506048739.121366,VS0,VE373',
26 silly get     vary: 'Accept-Encoding, Accept' } ]
27 verbose get saving mocha to /Users/mac010/.npm/registry.npmjs.org/mocha/.cache.json
28 silly addNameRange number 2 { name: 'mocha', range: '*', hasData: true }
29 silly addNameRange versions [ 'mocha',
29 silly addNameRange   [ '0.0.1-alpha1',
29 silly addNameRange     '0.0.1-alpha2',
29 silly addNameRange     '0.0.1-alpha3',
29 silly addNameRange     '0.0.1-alpha4',
29 silly addNameRange     '0.0.1-alpha5',
29 silly addNameRange     '0.0.1-alpha6',
29 silly addNameRange     '0.0.1',
29 silly addNameRange     '0.0.2',
29 silly addNameRange     '0.0.3',
29 silly addNameRange     '0.0.4',
29 silly addNameRange     '0.0.5',
29 silly addNameRange     '0.0.6',
29 silly addNameRange     '0.0.7',
29 silly addNameRange     '0.0.8',
29 silly addNameRange     '0.1.0',
29 silly addNameRange     '0.2.0',
29 silly addNameRange     '0.3.0',
29 silly addNameRange     '0.3.1',
29 silly addNameRange     '0.3.2',
29 silly addNameRange     '0.3.3',
29 silly addNameRange     '0.3.4',
29 silly addNameRange     '0.3.6',
29 silly addNameRange     '0.4.0',
29 silly addNameRange     '0.5.0',
29 silly addNameRange     '0.6.0',
29 silly addNameRange     '0.7.0',
29 silly addNameRange     '0.7.1',
29 silly addNameRange     '0.8.0',
29 silly addNameRange     '0.8.1',
29 silly addNameRange     '0.9.0',
29 silly addNameRange     '0.10.0',
29 silly addNameRange     '0.10.1',
29 silly addNameRange     '0.10.2',
29 silly addNameRange     '0.11.0',
29 silly addNameRange     '0.12.0',
29 silly addNameRange     '0.12.1',
29 silly addNameRange     '0.13.0',
29 silly addNameRange     '0.14.0',
29 silly addNameRange     '0.14.1',
29 silly addNameRange     '1.0.0',
29 silly addNameRange     '1.0.1',
29 silly addNameRange     '1.0.2',
29 silly addNameRange     '1.0.3',
29 silly addNameRange     '1.1.0',
29 silly addNameRange     '1.2.0',
29 silly addNameRange     '1.2.1',
29 silly addNameRange     '1.2.2',
29 silly addNameRange     '1.3.0',
29 silly addNameRange     '1.3.1',
29 silly addNameRange     '1.3.2',
29 silly addNameRange     '1.4.0',
29 silly addNameRange     '1.4.1',
29 silly addNameRange     '1.4.2',
29 silly addNameRange     '1.4.3',
29 silly addNameRange     '1.5.0',
29 silly addNameRange     '1.6.0',
29 silly addNameRange     '1.7.0',
29 silly addNameRange     '1.7.1',
29 silly addNameRange     '1.7.2',
29 silly addNameRange     '1.7.3',
29 silly addNameRange     '1.7.4',
29 silly addNameRange     '1.8.0',
29 silly addNameRange     '1.8.1',
29 silly addNameRange     '1.8.2',
29 silly addNameRange     '1.9.0',
29 silly addNameRange     '1.10.0',
29 silly addNameRange     '1.11.0',
29 silly addNameRange     '1.12.0',
29 silly addNameRange     '1.12.1',
29 silly addNameRange     '1.13.0',
29 silly addNameRange     '1.14.0',
29 silly addNameRange     '1.15.0',
29 silly addNameRange     '1.15.1',
29 silly addNameRange     '1.16.0',
29 silly addNameRange     '1.16.1',
29 silly addNameRange     '1.16.2',
29 silly addNameRange     '1.17.0',
29 silly addNameRange     '1.17.1',
29 silly addNameRange     '1.18.0',
29 silly addNameRange     '1.18.1',
29 silly addNameRange     '1.18.2',
29 silly addNameRange     '1.19.0',
29 silly addNameRange     '1.20.0',
29 silly addNameRange     '1.20.1',
29 silly addNameRange     '1.21.0',
29 silly addNameRange     '1.21.1',
29 silly addNameRange     '1.21.2',
29 silly addNameRange     '1.21.3',
29 silly addNameRange     '1.21.4',
29 silly addNameRange     '1.21.5',
29 silly addNameRange     '2.0.0',
29 silly addNameRange     '2.0.1',
29 silly addNameRange     '2.1.0',
29 silly addNameRange     '2.2.0',
29 silly addNameRange     '2.2.1',
29 silly addNameRange     '2.2.3',
29 silly addNameRange     '2.2.4',
29 silly addNameRange     '2.2.5',
29 silly addNameRange     '2.3.0',
29 silly addNameRange     '2.3.1',
29 silly addNameRange     '2.3.2',
29 silly addNameRange     '2.3.3',
29 silly addNameRange     '2.3.4',
29 silly addNameRange     '2.4.1',
29 silly addNameRange     '2.4.2',
29 silly addNameRange     '2.4.3',
29 silly addNameRange     '2.4.4',
29 silly addNameRange     '2.4.5',
29 silly addNameRange     '2.5.0',
29 silly addNameRange     '2.5.1',
29 silly addNameRange     '2.5.2',
29 silly addNameRange     '2.5.3',
29 silly addNameRange     '3.0.0-0',
29 silly addNameRange     '3.0.0-1',
29 silly addNameRange     '3.0.0-2',
29 silly addNameRange     '3.0.0',
29 silly addNameRange     '3.0.1',
29 silly addNameRange     '3.0.2',
29 silly addNameRange     '3.1.0',
29 silly addNameRange     '3.1.1',
29 silly addNameRange     '3.1.2',
29 silly addNameRange     '3.2.0',
29 silly addNameRange     '3.3.0',
29 silly addNameRange     '3.4.1',
29 silly addNameRange     '3.4.2',
29 silly addNameRange     '3.5.0',
29 silly addNameRange     '3.5.1',
29 silly addNameRange     '3.5.2',
29 silly addNameRange     '3.5.3' ] ]
30 silly addNamed mocha@3.5.3
31 verbose addNamed "3.5.3" is a plain semver version for mocha
32 silly mapToRegistry name mocha
33 silly mapToRegistry using default registry
34 silly mapToRegistry registry https://registry.npmjs.org/
35 silly mapToRegistry uri https://registry.npmjs.org/mocha
36 verbose addRemoteTarball https://registry.npmjs.org/mocha/-/mocha-3.5.3.tgz not in flight; adding
37 verbose addRemoteTarball [ 'https://registry.npmjs.org/mocha/-/mocha-3.5.3.tgz',
37 verbose addRemoteTarball   '1e0480fe36d2da5858d1eb6acc38418b26eaa20d' ]
38 info retry fetch attempt 1 at 10:52:19
39 info attempt registry request try #1 at 10:52:19
40 http fetch GET https://registry.npmjs.org/mocha/-/mocha-3.5.3.tgz
41 verbose request using bearer token for auth
42 http fetch 200 https://registry.npmjs.org/mocha/-/mocha-3.5.3.tgz
43 silly fetchAndShaCheck shasum 1e0480fe36d2da5858d1eb6acc38418b26eaa20d
44 verbose addTmpTarball /var/folders/b3/k5y8y_md23vbvdccw7g1_nyh0000gn/T/npm-1557-0b398ffe/registry.npmjs.org/mocha/-/mocha-3.5.3.tgz not in flight; adding
45 verbose addTmpTarball already have metadata; skipping unpack for mocha@3.5.3
46 silly cache afterAdd mocha@3.5.3
47 verbose afterAdd /Users/mac010/.npm/mocha/3.5.3/package/package.json not in flight; writing
48 verbose afterAdd /Users/mac010/.npm/mocha/3.5.3/package/package.json written
49 silly install resolved [ { name: 'mocha',
49 silly install resolved     version: '3.5.3',
49 silly install resolved     description: 'simple, flexible, fun test framework',
49 silly install resolved     keywords: [ 'mocha', 'test', 'bdd', 'tdd', 'tap' ],
49 silly install resolved     author: { name: 'TJ Holowaychuk', email: 'tj@vision-media.ca' },
49 silly install resolved     contributors:
49 silly install resolved      [ [Object],
49 silly install resolved        [Object],
49 silly install resolved        [Object],
49 silly install resolved        [Object],
49 silly install resolved        [Object],
49 silly install resolved        [Object],
49 silly install resolved        [Object],
49 silly install resolved        [Object],
49 silly install resolved        [Object],
49 silly install resolved        [Object],
49 silly install resolved        [Object],
49 silly install resolved        [Object],
49 silly install resolved        [Object],
49 silly install resolved        [Object],
49 silly install resolved        [Object],
49 silly install resolved        [Object],
49 silly install resolved        [Object],
49 silly install resolved        [Object],
49 silly install resolved        [Object],
49 silly install resolved        [Object],
49 silly install resolved        [Object],
49 silly install resolved        [Object],
49 silly install resolved        [Object],
49 silly install resolved        [Object],
49 silly install resolved        [Object],
49 silly install resolved        [Object],
49 silly install resolved        [Object],
49 silly install resolved        [Object],
49 silly install resolved        [Object],
49 silly install resolved        [Object],
49 silly install resolved        [Object],
49 silly install resolved        [Object],
49 silly install resolved        [Object],
49 silly install resolved        [Object],
49 silly install resolved        [Object],
49 silly install resolved        [Object],
49 silly install resolved        [Object],
49 silly install resolved        [Object],
49 silly install resolved        [Object],
49 silly install resolved        [Object],
49 silly install resolved        [Object],
49 silly install resolved        [Object],
49 silly install resolved        [Object],
49 silly install resolved        [Object],
49 silly install resolved        [Object],
49 silly install resolved        [Object],
49 silly install resolved        [Object],
49 silly install resolved        [Object],
49 silly install resolved        [Object],
49 silly install resolved        [Object],
49 silly install resolved        [Object],
49 silly install resolved        [Object],
49 silly install resolved        [Object],
49 silly install resolved        [Object],
49 silly install resolved        [Object],
49 silly install resolved        [Object],
49 silly install resolved        [Object],
49 silly install resolved        [Object],
49 silly install resolved        [Object],
49 silly install resolved        [Object],
49 silly install resolved        [Object],
49 silly install resolved        [Object],
49 silly install resolved        [Object],
49 silly install resolved        [Object],
49 silly install resolved        [Object],
49 silly install resolved        [Object],
49 silly install resolved        [Object],
49 silly install resolved        [Object],
49 silly install resolved        [Object],
49 silly install resolved        [Object],
49 silly install resolved        [Object],
49 silly install resolved        [Object],
49 silly install resolved        [Object],
49 silly install resolved        [Object],
49 silly install resolved        [Object],
49 silly install resolved        [Object],
49 silly install resolved        [Object],
49 silly install resolved        [Object],
49 silly install resolved        [Object],
49 silly install resolved        [Object],
49 silly install resolved        [Object],
49 silly install resolved        [Object],
49 silly install resolved        [Object],
49 silly install resolved        [Object],
49 silly install resolved        [Object],
49 silly install resolved        [Object],
49 silly install resolved        [Object],
49 silly install resolved        [Object],
49 silly install resolved        [Object],
49 silly install resolved        [Object],
49 silly install resolved        [Object],
49 silly install resolved        [Object],
49 silly install resolved        [Object],
49 silly install resolved        [Object],
49 silly install resolved        [Object],
49 silly install resolved        [Object],
49 silly install resolved        [Object],
49 silly install resolved        [Object],
49 silly install resolved        [Object],
49 silly install resolved        [Object],
49 silly install resolved        [Object],
49 silly install resolved        [Object],
49 silly install resolved        [Object],
49 silly install resolved        [Object],
49 silly install resolved        [Object],
49 silly install resolved        [Object],
49 silly install resolved        [Object],
49 silly install resolved        [Object],
49 silly install resolved        [Object],
49 silly install resolved        [Object],
49 silly install resolved        [Object],
49 silly install resolved        [Object],
49 silly install resolved        [Object],
49 silly install resolved        [Object],
49 silly install resolved        [Object],
49 silly install resolved        [Object],
49 silly install resolved        [Object],
49 silly install resolved        [Object],
49 silly install resolved        [Object],
49 silly install resolved        [Object],
49 silly install resolved        [Object],
49 silly install resolved        [Object],
49 silly install resolved        [Object],
49 silly install resolved        [Object],
49 silly install resolved        [Object],
49 silly install resolved        [Object],
49 silly install resolved        [Object],
49 silly install resolved        [Object],
49 silly install resolved        [Object],
49 silly install resolved        [Object],
49 silly install resolved        [Object],
49 silly install resolved        [Object],
49 silly install resolved        [Object],
49 silly install resolved        [Object],
49 silly install resolved        [Object],
49 silly install resolved        [Object],
49 silly install resolved        [Object],
49 silly install resolved        [Object],
49 silly install resolved        [Object],
49 silly install resolved        [Object],
49 silly install resolved        [Object],
49 silly install resolved        [Object],
49 silly install resolved        [Object],
49 silly install resolved        [Object],
49 silly install resolved        [Object],
49 silly install resolved        [Object],
49 silly install resolved        [Object],
49 silly install resolved        [Object],
49 silly install resolved        [Object],
49 silly install resolved        [Object],
49 silly install resolved        [Object],
49 silly install resolved        [Object],
49 silly install resolved        [Object],
49 silly install resolved        [Object],
49 silly install resolved        [Object],
49 silly install resolved        [Object],
49 silly install resolved        [Object],
49 silly install resolved        [Object],
49 silly install resolved        [Object],
49 silly install resolved        [Object],
49 silly install resolved        [Object],
49 silly install resolved        [Object],
49 silly install resolved        [Object],
49 silly install resolved        [Object],
49 silly install resolved        [Object],
49 silly install resolved        [Object],
49 silly install resolved        [Object],
49 silly install resolved        [Object],
49 silly install resolved        [Object],
49 silly install resolved        [Object],
49 silly install resolved        [Object],
49 silly install resolved        [Object],
49 silly install resolved        [Object],
49 silly install resolved        [Object],
49 silly install resolved        [Object],
49 silly install resolved        [Object],
49 silly install resolved        [Object],
49 silly install resolved        [Object],
49 silly install resolved        [Object],
49 silly install resolved        [Object],
49 silly install resolved        [Object],
49 silly install resolved        [Object],
49 silly install resolved        [Object],
49 silly install resolved        [Object],
49 silly install resolved        [Object],
49 silly install resolved        [Object],
49 silly install resolved        [Object],
49 silly install resolved        [Object],
49 silly install resolved        [Object],
49 silly install resolved        [Object],
49 silly install resolved        [Object],
49 silly install resolved        [Object],
49 silly install resolved        [Object],
49 silly install resolved        [Object],
49 silly install resolved        [Object],
49 silly install resolved        [Object],
49 silly install resolved        [Object],
49 silly install resolved        [Object],
49 silly install resolved        [Object],
49 silly install resolved        [Object],
49 silly install resolved        [Object],
49 silly install resolved        [Object],
49 silly install resolved        [Object],
49 silly install resolved        [Object],
49 silly install resolved        [Object],
49 silly install resolved        [Object],
49 silly install resolved        [Object],
49 silly install resolved        [Object],
49 silly install resolved        [Object],
49 silly install resolved        [Object],
49 silly install resolved        [Object],
49 silly install resolved        [Object],
49 silly install resolved        [Object],
49 silly install resolved        [Object],
49 silly install resolved        [Object],
49 silly install resolved        [Object],
49 silly install resolved        [Object],
49 silly install resolved        [Object],
49 silly install resolved        [Object],
49 silly install resolved        [Object],
49 silly install resolved        [Object],
49 silly install resolved        [Object],
49 silly install resolved        [Object],
49 silly install resolved        [Object],
49 silly install resolved        [Object],
49 silly install resolved        [Object],
49 silly install resolved        [Object],
49 silly install resolved        [Object],
49 silly install resolved        [Object],
49 silly install resolved        [Object],
49 silly install resolved        [Object],
49 silly install resolved        [Object],
49 silly install resolved        [Object],
49 silly install resolved        [Object],
49 silly install resolved        [Object],
49 silly install resolved        [Object],
49 silly install resolved        [Object],
49 silly install resolved        [Object],
49 silly install resolved        [Object],
49 silly install resolved        [Object],
49 silly install resolved        [Object],
49 silly install resolved        [Object],
49 silly install resolved        [Object],
49 silly install resolved        [Object],
49 silly install resolved        [Object],
49 silly install resolved        [Object],
49 silly install resolved        [Object],
49 silly install resolved        [Object],
49 silly install resolved        [Object],
49 silly install resolved        [Object],
49 silly install resolved        [Object],
49 silly install resolved        [Object],
49 silly install resolved        [Object],
49 silly install resolved        [Object],
49 silly install resolved        [Object],
49 silly install resolved        [Object],
49 silly install resolved        [Object],
49 silly install resolved        [Object],
49 silly install resolved        [Object],
49 silly install resolved        [Object],
49 silly install resolved        [Object],
49 silly install resolved        [Object],
49 silly install resolved        [Object],
49 silly install resolved        [Object],
49 silly install resolved        [Object],
49 silly install resolved        [Object],
49 silly install resolved        [Object],
49 silly install resolved        [Object],
49 silly install resolved        [Object],
49 silly install resolved        [Object],
49 silly install resolved        [Object],
49 silly install resolved        [Object],
49 silly install resolved        [Object] ],
49 silly install resolved     license: 'MIT',
49 silly install resolved     repository: { type: 'git', url: 'git+https://github.com/mochajs/mocha.git' },
49 silly install resolved     bin: { mocha: './bin/mocha', _mocha: './bin/_mocha' },
49 silly install resolved     engines: { node: '>= 0.10.x', npm: '>= 1.4.x' },
49 silly install resolved     scripts:
49 silly install resolved      { lint: 'eslint . bin/*',
49 silly install resolved        test: 'make test && make clean',
49 silly install resolved        preversion: 'make test && rm mocha.js && make mocha.js && git add mocha.js',
49 silly install resolved        coveralls: 'nyc report --reporter=text-lcov | coveralls' },
49 silly install resolved     dependencies:
49 silly install resolved      { 'browser-stdout': '1.3.0',
49 silly install resolved        commander: '2.9.0',
49 silly install resolved        debug: '2.6.8',
49 silly install resolved        diff: '3.2.0',
49 silly install resolved        'escape-string-regexp': '1.0.5',
49 silly install resolved        glob: '7.1.1',
49 silly install resolved        growl: '1.9.2',
49 silly install resolved        he: '1.1.1',
49 silly install resolved        json3: '3.3.2',
49 silly install resolved        'lodash.create': '3.1.1',
49 silly install resolved        mkdirp: '0.5.1',
49 silly install resolved        'supports-color': '3.1.2' },
49 silly install resolved     devDependencies:
49 silly install resolved      { '@coderbyheart/karma-sauce-launcher': 'git://github.com/coderbyheart/karma-sauce-launcher.git#5259942cd6d40090eaa13ceeef5b0b8738c7710f',
49 silly install resolved        assert: '^1.4.1',
49 silly install resolved        browserify: '^13.0.0',
49 silly install resolved        'coffee-script': '^1.10.0',
49 silly install resolved        coveralls: '^2.11.15',
49 silly install resolved        'cross-spawn': '^5.1.0',
49 silly install resolved        eslint: '^3.11.1',
49 silly install resolved        'eslint-config-semistandard': '^7.0.0',
49 silly install resolved        'eslint-config-standard': '^6.2.1',
49 silly install resolved        'eslint-plugin-promise': '^3.4.0',
49 silly install resolved        'eslint-plugin-standard': '2.0.1',
49 silly install resolved        'expect.js': '^0.3.1',
49 silly install resolved        karma: '1.3.0',
49 silly install resolved        'karma-browserify': '^5.0.5',
49 silly install resolved        'karma-chrome-launcher': '^2.0.0',
49 silly install resolved        'karma-expect': '^1.1.2',
49 silly install resolved        'karma-mocha': '^1.3.0',
49 silly install resolved        'karma-phantomjs-launcher': '0.2.3',
49 silly install resolved        'karma-spec-reporter': '0.0.26',
49 silly install resolved        nyc: '^11.2.1',
49 silly install resolved        'os-name': '^2.0.1',
49 silly install resolved        phantomjs: '1.9.8',
49 silly install resolved        'readable-stream': '2.2.11',
49 silly install resolved        rimraf: '^2.5.2',
49 silly install resolved        should: '^9.0.2',
49 silly install resolved        through2: '^2.0.1',
49 silly install resolved        watchify: '^3.7.0' },
49 silly install resolved     files:
49 silly install resolved      [ 'bin',
49 silly install resolved        'images',
49 silly install resolved        'lib',
49 silly install resolved        'index.js',
49 silly install resolved        'mocha.css',
49 silly install resolved        'mocha.js',
49 silly install resolved        'browser-entry.js',
49 silly install resolved        'LICENSE',
49 silly install resolved        'bower.json' ],
49 silly install resolved     browser:
49 silly install resolved      { debug: './lib/browser/debug.js',
49 silly install resolved        events: './lib/browser/events.js',
49 silly install resolved        tty: './lib/browser/tty.js',
49 silly install resolved        './index.js': './browser-entry.js',
49 silly install resolved        fs: false,
49 silly install resolved        glob: false,
49 silly install resolved        path: false,
49 silly install resolved        'supports-color': false },
49 silly install resolved     homepage: 'https://mochajs.org',
49 silly install resolved     logo: 'https://cldup.com/S9uQ-cOLYz.svg',
49 silly install resolved     gitHead: 'e838a774ac238c7e5556838dafb6163aad49cf9e',
49 silly install resolved     bugs: { url: 'https://github.com/mochajs/mocha/issues' },
49 silly install resolved     _id: 'mocha@3.5.3',
49 silly install resolved     _npmVersion: '5.4.1',
49 silly install resolved     _nodeVersion: '8.4.0',
49 silly install resolved     _npmUser: { name: 'boneskull', email: 'boneskull@boneskull.com' },
49 silly install resolved     dist:
49 silly install resolved      { integrity: 'sha512-/6na001MJWEtYxHOV1WLfsmR4YIynkUEhBwzsb+fk2qmQ3iqsi258l/Q2MWHJMImAcNpZ8DEdYAK72NHoIQ9Eg==',
49 silly install resolved        shasum: '1e0480fe36d2da5858d1eb6acc38418b26eaa20d',
49 silly install resolved        tarball: 'https://registry.npmjs.org/mocha/-/mocha-3.5.3.tgz' },
49 silly install resolved     maintainers: [ [Object] ],
49 silly install resolved     _npmOperationalInternal:
49 silly install resolved      { host: 's3://npm-registry-packages',
49 silly install resolved        tmp: 'tmp/mocha-3.5.3.tgz_1505165089988_0.12426801770925522' },
49 silly install resolved     directories: {},
49 silly install resolved     _shasum: '1e0480fe36d2da5858d1eb6acc38418b26eaa20d',
49 silly install resolved     _resolved: 'https://registry.npmjs.org/mocha/-/mocha-3.5.3.tgz',
49 silly install resolved     _from: 'mocha@*' } ]
50 info install mocha@3.5.3 into /usr/local/lib
51 info installOne mocha@3.5.3
52 verbose installOne of mocha to /usr/local/lib not in flight; installing
53 verbose lock using /Users/mac010/.npm/_locks/mocha-1cb4102bb5230051.lock for /usr/local/lib/node_modules/mocha
54 silly install write writing mocha 3.5.3 to /usr/local/lib/node_modules/mocha
55 verbose unbuild lib/node_modules/mocha
56 silly gentlyRm /usr/local/lib/node_modules/mocha is being purged from base /usr/local
57 verbose gentlyRm don't care about contents; nuking /usr/local/lib/node_modules/mocha
58 verbose tar unpack /Users/mac010/.npm/mocha/3.5.3/package.tgz
59 verbose tar unpacking to /usr/local/lib/node_modules/mocha
60 silly gentlyRm /usr/local/lib/node_modules/mocha is being purged
61 verbose gentlyRm don't care about contents; nuking /usr/local/lib/node_modules/mocha
62 silly gunzTarPerm modes [ '755', '644' ]
63 error tar.unpack untar error /Users/mac010/.npm/mocha/3.5.3/package.tgz
64 verbose unlock done using /Users/mac010/.npm/_locks/mocha-1cb4102bb5230051.lock for /usr/local/lib/node_modules/mocha
65 verbose fstream_path /usr/local/lib/node_modules/mocha
66 verbose fstream_type Directory
67 verbose fstream_class DirWriter
68 verbose stack Error: EACCES: permission denied, mkdir '/usr/local/lib/node_modules/mocha'
68 verbose stack     at Error (native)
69 verbose fstream_stack /usr/local/lib/node_modules/npm/node_modules/fstream/lib/dir-writer.js:35:25
69 verbose fstream_stack /usr/local/lib/node_modules/npm/node_modules/mkdirp/index.js:47:53
69 verbose fstream_stack FSReqWrap.oncomplete (fs.js:82:15)
70 verbose cwd /Users/mac010/Desktop/se19/otrak
71 error Darwin 16.6.0
72 error argv "/usr/local/bin/node" "/usr/local/bin/npm" "install" "--global" "mocha"
73 error node v4.2.3
74 error npm  v2.14.7
75 error path /usr/local/lib/node_modules/mocha
76 error code EACCES
77 error errno -13
78 error syscall mkdir
79 error Error: EACCES: permission denied, mkdir '/usr/local/lib/node_modules/mocha'
79 error     at Error (native)
79 error  { [Error: EACCES: permission denied, mkdir '/usr/local/lib/node_modules/mocha']
79 error   errno: -13,
79 error   code: 'EACCES',
79 error   syscall: 'mkdir',
79 error   path: '/usr/local/lib/node_modules/mocha',
79 error   fstream_type: 'Directory',
79 error   fstream_path: '/usr/local/lib/node_modules/mocha',
79 error   fstream_class: 'DirWriter',
79 error   fstream_stack:
79 error    [ '/usr/local/lib/node_modules/npm/node_modules/fstream/lib/dir-writer.js:35:25',
79 error      '/usr/local/lib/node_modules/npm/node_modules/mkdirp/index.js:47:53',
79 error      'FSReqWrap.oncomplete (fs.js:82:15)' ] }
80 error Please try running this command again as root/Administrator.
81 verbose exit [ -13, true ]
82 verbose unbuild lib/node_modules/mocha
83 silly gentlyRm /usr/local/lib/node_modules/mocha is being purged from base /usr/local
84 verbose gentlyRm don't care about contents; nuking /usr/local/lib/node_modules/mocha
